2024-08-24 19:04:07 - Captured image /var/www/html/images/2024/08/24/kringelen_2024_08_24_19_04_07.jpg with settings: ISO=auto, Shutter=auto, Daylight=True, Config={'NoiseReductionMode': <NoiseReductionModeEnum.HighQuality: 2>, 'FrameDurationLimits': (100, 1000000000), 'AwbEnable': False, 'AwbMode': <AwbModeEnum.Daylight: 5>, 'AfMode': <AfModeEnum.Manual: 0>, 'LensPosition': 0.0, 'ColourGains': (2.2, 1.9), 'AnalogueGain': 1}
2024-08-24 19:12:41 - Light level: 89.01925455729166, ISO: auto, Shutter speed: auto
2024-08-24 19:12:45 - Captured image /var/www/html/images/2024/08/24/kringelen_2024_08_24_19_12_44.jpg with settings: ISO=auto, Shutter=auto, Daylight=True, Config={'NoiseReductionMode': <NoiseReductionModeEnum.HighQuality: 2>, 'FrameDurationLimits': (100, 1000000000), 'AwbEnable': False, 'AwbMode': <AwbModeEnum.Daylight: 5>, 'AfMode': <AfModeEnum.Manual: 0>, 'LensPosition': 0.0, 'ColourGains': (2.2, 1.9), 'AnalogueGain': 1}
2024-08-24 19:16:59 - Debug mode enabled. Overriding light level to 15
2024-08-24 19:18:07 - Debug mode enabled. Overriding light level to 15
2024-08-24 19:18:07 - Light level: 15, ISO: auto, Shutter speed: auto
2024-08-24 19:18:10 - Captured image /var/www/html/images/2024/08/24/kringelen_2024_08_24_19_18_09.jpg with settings: ISO=auto, Shutter=auto, Daylight=True, Config={'NoiseReductionMode': <NoiseReductionModeEnum.HighQuality: 2>, 'FrameDurationLimits': (100, 1000000000), 'AwbEnable': False, 'AwbMode': <AwbModeEnum.Daylight: 5>, 'AfMode': <AfModeEnum.Manual: 0>, 'LensPosition': 0.0, 'ColourGains': (2.2, 1.9), 'AnalogueGain': 1}
2024-08-24 19:18:47 - Debug mode enabled. Overriding light level to 5
2024-08-24 19:18:47 - Light level: 5, ISO: 566, Shutter speed: 1333333
2024-08-24 19:18:52 - Captured image /var/www/html/images/2024/08/24/kringelen_2024_08_24_19_18_50.jpg with settings: ISO=566, Shutter=1333333, Daylight=False, Config={'NoiseReductionMode': <NoiseReductionModeEnum.HighQuality: 2>, 'FrameDurationLimits': (100, 1000000000), 'AwbEnable': False, 'AwbMode': <AwbModeEnum.Daylight: 5>, 'AfMode': <AfModeEnum.Manual: 0>, 'LensPosition': 0.0, 'ColourGains': (1.4, 3.1), 'ExposureTime': 1333333, 'AnalogueGain': 566}
2024-08-24 19:19:18 - Debug mode enabled. Overriding light level to 1
2024-08-24 19:19:18 - Light level: 1, ISO: 800, Shutter speed: 2000000
2024-08-24 19:19:20 - Captured image /var/www/html/images/2024/08/24/kringelen_2024_08_24_19_19_20.jpg with settings: ISO=800, Shutter=2000000, Daylight=False, Config={'NoiseReductionMode': <NoiseReductionModeEnum.HighQuality: 2>, 'FrameDurationLimits': (100, 1000000000), 'AwbEnable': False, 'AwbMode': <AwbModeEnum.Daylight: 5>, 'AfMode': <AfModeEnum.Manual: 0>, 'LensPosition': 0.0, 'ColourGains': (1.4, 3.1), 'ExposureTime': 2000000, 'AnalogueGain': 800}
2024-08-24 19:20:06 - Debug mode enabled. Overriding light level to 1
2024-08-24 19:20:06 - Light level: 1, ISO: 800, Shutter speed: 2000000
2024-08-24 19:20:08 - Captured image /var/www/html/images/2024/08/24/kringelen_2024_08_24_19_20_08.jpg with settings: ISO=800, Shutter=2000000, Daylight=False, Config={'NoiseReductionMode': <NoiseReductionModeEnum.HighQuality: 2>, 'FrameDurationLimits': (100, 1000000000), 'AwbEnable': False, 'AwbMode': <AwbModeEnum.Daylight: 5>, 'AfMode': <AfModeEnum.Manual: 0>, 'LensPosition': 0.0, 'ColourGains': (1.4, 3.1), 'ExposureTime': 2000000, 'AnalogueGain': 800}
2024-08-24 19:20:30 - Debug mode enabled. Overriding light level to 1
2024-08-24 19:20:30 - Light level: 1, ISO: 800, Shutter speed: 20000000
2024-08-24 19:20:51 - Captured image /var/www/html/images/2024/08/24/kringelen_2024_08_24_19_20_32.jpg with settings: ISO=800, Shutter=20000000, Daylight=False, Config={'NoiseReductionMode': <NoiseReductionModeEnum.HighQuality: 2>, 'FrameDurationLimits': (100, 1000000000), 'AwbEnable': False, 'AwbMode': <AwbModeEnum.Daylight: 5>, 'AfMode': <AfModeEnum.Manual: 0>, 'LensPosition': 0.0, 'ColourGains': (1.4, 3.1), 'ExposureTime': 20000000, 'AnalogueGain': 800}
2024-08-24 19:21:28 - Debug mode enabled. Overriding light level to 1
2024-08-24 19:21:28 - Light level: 1, ISO: 600, Shutter speed: 20000000
2024-08-24 19:21:35 - Debug mode enabled. Overriding light level to 1
2024-08-24 19:21:35 - Light level: 1, ISO: 600, Shutter speed: 2000000
2024-08-24 19:21:38 - Captured image /var/www/html/images/2024/08/24/kringelen_2024_08_24_19_21_37.jpg with settings: ISO=600, Shutter=2000000, Daylight=False, Config={'NoiseReductionMode': <NoiseReductionModeEnum.HighQuality: 2>, 'FrameDurationLimits': (100, 1000000000), 'AwbEnable': False, 'AwbMode': <AwbModeEnum.Daylight: 5>, 'AfMode': <AfModeEnum.Manual: 0>, 'LensPosition': 0.0, 'ColourGains': (1.4, 3.1), 'ExposureTime': 2000000, 'AnalogueGain': 600}
2024-08-24 19:23:12 - Debug mode enabled. Overriding light level to 1
2024-08-24 19:23:12 - Light level: 1, ISO: 600, Shutter speed: 2000000
2024-08-24 19:23:15 - Captured image /var/www/html/images/2024/08/24/kringelen_2024_08_24_19_23_14.jpg with settings: ISO=600, Shutter=2000000, Daylight=False, Config={'NoiseReductionMode': <NoiseReductionModeEnum.HighQuality: 2>, 'FrameDurationLimits': (100, 1000000000), 'AwbEnable': False, 'AwbMode': <AwbModeEnum.Daylight: 5>, 'AfMode': <AfModeEnum.Manual: 0>, 'LensPosition': 0.0, 'ColourGains': (1.4, 3.1), 'ExposureTime': 2000000, 'AnalogueGain': 600}
2024-08-24 19:23:29 - Debug mode enabled. Overriding light level to 1
2024-08-24 19:23:29 - Light level: 1, ISO: 8, Shutter speed: 2000000
2024-08-24 19:23:32 - Captured image /var/www/html/images/2024/08/24/kringelen_2024_08_24_19_23_32.jpg with settings: ISO=8, Shutter=2000000, Daylight=False, Config={'NoiseReductionMode': <NoiseReductionModeEnum.HighQuality: 2>, 'FrameDurationLimits': (100, 1000000000), 'AwbEnable': False, 'AwbMode': <AwbModeEnum.Daylight: 5>, 'AfMode': <AfModeEnum.Manual: 0>, 'LensPosition': 0.0, 'ColourGains': (1.4, 3.1), 'ExposureTime': 2000000, 'AnalogueGain': 8}
2024-08-24 19:24:00 - Light level: 90.10259440104167, ISO: auto, Shutter speed: auto
2024-08-24 19:24:03 - Captured image /var/www/html/images/2024/08/24/kringelen_2024_08_24_19_24_03.jpg with settings: ISO=auto, Shutter=auto, Daylight=True, Config={'NoiseReductionMode': <NoiseReductionModeEnum.HighQuality: 2>, 'FrameDurationLimits': (100, 1000000000), 'AwbEnable': False, 'AwbMode': <AwbModeEnum.Daylight: 5>, 'AfMode': <AfModeEnum.Manual: 0>, 'LensPosition': 0.0, 'ColourGains': (2.2, 1.9), 'AnalogueGain': 1}
2024-08-24 19:26:04 - Light level: 90.22954752604167, ISO: auto, Shutter speed: auto
2024-08-24 19:26:07 - Captured image /var/www/html/images/2024/08/24/kringelen_2024_08_24_19_26_06.jpg with settings: ISO=auto, Shutter=auto, Daylight=True, Config={'NoiseReductionMode': <NoiseReductionModeEnum.HighQuality: 2>, 'FrameDurationLimits': (100, 1000000000), 'AwbEnable': False, 'AwbMode': <AwbModeEnum.Daylight: 5>, 'AfMode': <AfModeEnum.Manual: 0>, 'LensPosition': 0.0, 'ColourGains': (2.2, 1.9), 'AnalogueGain': 1}
2024-08-24 19:26:23 - Light level: 90.258515625, ISO: auto, Shutter speed: auto
2024-08-24 19:26:26 - Captured image /var/www/html/images/2024/08/24/kringelen_2024_08_24_19_26_26.jpg with settings: ISO=auto, Shutter=auto, Daylight=True, Config={'NoiseReductionMode': <NoiseReductionModeEnum.HighQuality: 2>, 'FrameDurationLimits': (100, 1000000000), 'AwbEnable': False, 'AwbMode': <AwbModeEnum.Daylight: 5>, 'AfMode': <AfModeEnum.Manual: 0>, 'LensPosition': 0.0, 'ColourGains': (2.2, 1.9), 'AnalogueGain': 1}
2024-08-24 19:27:00 - Light level: 71.51313802083334, ISO: auto, Shutter speed: auto
2024-08-24 19:27:03 - Captured image /var/www/html/images/2024/08/24/kringelen_2024_08_24_19_27_02.jpg with settings: ISO=auto, Shutter=auto, Daylight=True, Config={'NoiseReductionMode': <NoiseReductionModeEnum.HighQuality: 2>, 'FrameDurationLimits': (100, 1000000000), 'AwbEnable': False, 'AwbMode': <AwbModeEnum.Daylight: 5>, 'AfMode': <AfModeEnum.Manual: 0>, 'LensPosition': 0.0, 'ColourGains': (2.2, 1.9), 'AnalogueGain': 1}
2024-08-24 19:27:36 - Light level: 113.22087890625, ISO: auto, Shutter speed: auto
2024-08-24 19:27:39 - Captured image /var/www/html/images/2024/08/24/kringelen_2024_08_24_19_27_39.jpg with settings: ISO=auto, Shutter=auto, Daylight=True, Config={'NoiseReductionMode': <NoiseReductionModeEnum.HighQuality: 2>, 'FrameDurationLimits': (100, 1000000000), 'AwbEnable': False, 'AwbMode': <AwbModeEnum.Daylight: 5>, 'AfMode': <AfModeEnum.Manual: 0>, 'LensPosition': 0.0, 'ColourGains': (2.2, 1.9), 'AnalogueGain': 1}
2024-08-24 19:28:12 - Light level: 113.258857421875, ISO: auto, Shutter speed: auto
2024-08-24 19:28:15 - Captured image /var/www/html/images/2024/08/24/kringelen_2024_08_24_19_28_15.jpg with settings: ISO=auto, Shutter=auto, Daylight=True, Config={'NoiseReductionMode': <NoiseReductionModeEnum.HighQuality: 2>, 'FrameDurationLimits': (100, 1000000000), 'AwbEnable': False, 'AwbMode': <AwbModeEnum.Daylight: 5>, 'AfMode': <AfModeEnum.Manual: 0>, 'LensPosition': 0.0, 'ColourGains': (2.2, 1.9), 'AnalogueGain': 1}
2024-08-24 19:28:49 - Light level: 113.25545572916667, ISO: auto, Shutter speed: auto
2024-08-24 19:28:52 - Captured image /var/www/html/images/2024/08/24/kringelen_2024_08_24_19_28_51.jpg with settings: ISO=auto, Shutter=auto, Daylight=True, Config={'NoiseReductionMode': <NoiseReductionModeEnum.HighQuality: 2>, 'FrameDurationLimits': (100, 1000000000), 'AwbEnable': False, 'AwbMode': <AwbModeEnum.Daylight: 5>, 'AfMode': <AfModeEnum.Manual: 0>, 'LensPosition': 0.0, 'ColourGains': (2.2, 1.9), 'AnalogueGain': 1}
2024-08-24 19:29:26 - Light level: 113.48904947916667, ISO: auto, Shutter speed: auto
2024-08-24 19:29:28 - Captured image /var/www/html/images/2024/08/24/kringelen_2024_08_24_19_29_28.jpg with settings: ISO=auto, Shutter=auto, Daylight=True, Config={'NoiseReductionMode': <NoiseReductionModeEnum.HighQuality: 2>, 'FrameDurationLimits': (100, 1000000000), 'AwbEnable': False, 'AwbMode': <AwbModeEnum.Daylight: 5>, 'AfMode': <AfModeEnum.Manual: 0>, 'LensPosition': 0.0, 'ColourGains': (2.2, 1.9), 'AnalogueGain': 1}
2024-08-24 19:29:54 - Light level: 113.495185546875, ISO: auto, Shutter speed: auto
2024-08-24 19:29:57 - Captured image /var/www/html/images/2024/08/24/kringelen_2024_08_24_19_29_57.jpg with settings: ISO=auto, Shutter=auto, Daylight=True, Config={'NoiseReductionMode': <NoiseReductionModeEnum.HighQuality: 2>, 'FrameDurationLimits': (100, 1000000000), 'AwbEnable': False, 'AwbMode': <AwbModeEnum.Daylight: 5>, 'AfMode': <AfModeEnum.Manual: 0>, 'LensPosition': 0.0, 'ColourGains': (2.2, 1.9), 'AnalogueGain': 1}
