2024-08-24 22:41:55 - No images found for 2024/08/23
2024-08-24 22:42:00 - No images found for 2024/08/23
2024-08-24 22:46:03 - [38;5;2mFFmpeg Information Settings[0m
2024-08-24 22:46:03 - [38;5;6m-f [0m[38;5;244mconcat[0m
2024-08-24 22:46:03 - [38;5;6m-safe [0m[38;5;244m0[0m
2024-08-24 22:46:03 - [38;5;6m-i [0m[38;5;244m/home/pi/pitimelapse3/data/ffmpeg_list.txt[0m
2024-08-24 22:46:03 - [38;5;6m-framerate [0m[38;5;244m25[0m
2024-08-24 22:46:03 - [38;5;6m-s [0m[38;5;244m1920x1160[0m
2024-08-24 22:46:03 - [38;5;6m-vf [0m[38;5;244mdeflicker,setpts=N/FRAME_RATE/TB[0m
2024-08-24 22:46:03 - [38;5;6m-c:v [0m[38;5;244mlibx264[0m
2024-08-24 22:46:03 - [38;5;6m-crf [0m[38;5;244m23[0m
2024-08-24 22:46:03 - [38;5;6m-b:v [0m[38;5;244m5000000[0m
2024-08-24 22:46:03 - [38;5;2mStarting timelapse...[0m
2024-08-24 22:46:44 - [38;5;2mFFmpeg Information Settings[0m
2024-08-24 22:46:44 - [38;5;6m-f [0m[38;5;244mconcat[0m
2024-08-24 22:46:44 - [38;5;6m-safe [0m[38;5;244m0[0m
2024-08-24 22:46:44 - [38;5;6m-i [0m[38;5;244m/home/pi/pitimelapse3/data/ffmpeg_list.txt[0m
2024-08-24 22:46:44 - [38;5;6m-framerate [0m[38;5;244m25[0m
2024-08-24 22:46:44 - [38;5;6m-s [0m[38;5;244m1920x1160[0m
2024-08-24 22:46:44 - [38;5;6m-vf [0m[38;5;244mdeflicker,setpts=N/FRAME_RATE/TB[0m
2024-08-24 22:46:44 - [38;5;6m-c:v [0m[38;5;244mlibx264[0m
2024-08-24 22:46:44 - [38;5;6m-crf [0m[38;5;244m23[0m
2024-08-24 22:46:44 - [38;5;6m-b:v [0m[38;5;244m5000000[0m
2024-08-24 22:46:44 - [38;5;2mStarting timelapse...[0m
2024-08-24 22:48:40 - [38;5;2mTimelapse video created[0m[38;5;22m: [0m[38;5;135m/var/www/html/videos/2024/08/timelapse_2024_08_24.mp4[0m
2024-08-24 22:48:40 - [38;5;2mDuration[0m[38;5;22m: [0m[38;5;135m1 minutes, 56 seconds
2024-08-24 22:48:40 - Timelapse creation complete for 2024/08/24 and stored at /var/www/html/videos/2024/08/timelapse_2024_08_24.mp4
